

Started GET "/" for 127.0.0.1 at 2014-11-01 22:06:06 +0900
  [1m[36mActiveRecord::SchemaMigration Load (3.7ms)[0m  [1mSELECT `schema_migrations`.* FROM `schema_migrations`[0m
Processing by TopController#index as HTML
  [1m[35m (0.7ms)[0m  SELECT COUNT(*) AS count_all, product_id AS product_id FROM `reviews` GROUP BY product_id ORDER BY count_all DESC
  [1m[36mProduct Load (0.4ms)[0m  [1mSELECT `products`.* FROM `products` ORDER BY id DESC LIMIT 20[0m
  [1m[35mReview Load (1.0ms)[0m  SELECT `reviews`.* FROM `reviews` WHERE `reviews`.`product_id` = 40
  [1m[36mReview Load (0.3ms)[0m  [1mSELECT `reviews`.* FROM `reviews` WHERE `reviews`.`product_id` = 39[0m
  [1m[35mReview Load (0.3ms)[0m  SELECT `reviews`.* FROM `reviews` WHERE `reviews`.`product_id` = 38
  [1m[36mReview Load (0.2ms)[0m  [1mSELECT `reviews`.* FROM `reviews` WHERE `reviews`.`product_id` = 37[0m
  [1m[35mReview Load (0.2ms)[0m  SELECT `reviews`.* FROM `reviews` WHERE `reviews`.`product_id` = 36
  [1m[36mReview Load (0.2ms)[0m  [1mSELECT `reviews`.* FROM `reviews` WHERE `reviews`.`product_id` = 35[0m
  [1m[35mReview Load (0.3ms)[0m  SELECT `reviews`.* FROM `reviews` WHERE `reviews`.`product_id` = 34
  [1m[36mReview Load (0.3ms)[0m  [1mSELECT `reviews`.* FROM `reviews` WHERE `reviews`.`product_id` = 33[0m
  [1m[35mReview Load (0.2ms)[0m  SELECT `reviews`.* FROM `reviews` WHERE `reviews`.`product_id` = 32
  [1m[36mReview Load (0.2ms)[0m  [1mSELECT `reviews`.* FROM `reviews` WHERE `reviews`.`product_id` = 31[0m
  [1m[35mReview Load (0.2ms)[0m  SELECT `reviews`.* FROM `reviews` WHERE `reviews`.`product_id` = 30
  [1m[36mReview Load (0.3ms)[0m  [1mSELECT `reviews`.* FROM `reviews` WHERE `reviews`.`product_id` = 29[0m
  [1m[35mReview Load (0.3ms)[0m  SELECT `reviews`.* FROM `reviews` WHERE `reviews`.`product_id` = 28
  [1m[36mReview Load (0.3ms)[0m  [1mSELECT `reviews`.* FROM `reviews` WHERE `reviews`.`product_id` = 27[0m
  [1m[35mReview Load (0.8ms)[0m  SELECT `reviews`.* FROM `reviews` WHERE `reviews`.`product_id` = 26
  [1m[36mReview Load (0.6ms)[0m  [1mSELECT `reviews`.* FROM `reviews` WHERE `reviews`.`product_id` = 25[0m
  [1m[35mReview Load (0.6ms)[0m  SELECT `reviews`.* FROM `reviews` WHERE `reviews`.`product_id` = 24
  [1m[36mReview Load (0.4ms)[0m  [1mSELECT `reviews`.* FROM `reviews` WHERE `reviews`.`product_id` = 23[0m
  [1m[35mReview Load (0.8ms)[0m  SELECT `reviews`.* FROM `reviews` WHERE `reviews`.`product_id` = 22
  [1m[36mReview Load (0.9ms)[0m  [1mSELECT `reviews`.* FROM `reviews` WHERE `reviews`.`product_id` = 21[0m
  Rendered top/index.html.erb within layouts/review_site (56.9ms)
  [1m[35mProduct Load (0.4ms)[0m  SELECT `products`.* FROM `products` WHERE `products`.`id` IN (1, 7, 6, 2, 3, 4, 18, 9) LIMIT 5
Completed 200 OK in 3418ms (Views: 3375.0ms | ActiveRecord: 14.7ms)


Started GET "/assets/application.css?body=1" for 127.0.0.1 at 2014-11-01 22:06:09 +0900


Started GET "/assets/top.css?body=1" for 127.0.0.1 at 2014-11-01 22:06:10 +0900


Started GET "/assets/turbolinks.js?body=1" for 127.0.0.1 at 2014-11-01 22:06:10 +0900


Started GET "/assets/review_site.css?body=1" for 127.0.0.1 at 2014-11-01 22:06:10 +0900


Started GET "/assets/works.css?body=1" for 127.0.0.1 at 2014-11-01 22:06:10 +0900


Started GET "/assets/jquery.js?body=1" for 127.0.0.1 at 2014-11-01 22:06:10 +0900


Started GET "/assets/top.js?body=1" for 127.0.0.1 at 2014-11-01 22:06:10 +0900


Started GET "/assets/works.js?body=1" for 127.0.0.1 at 2014-11-01 22:06:10 +0900


Started GET "/assets/jquery_ujs.js?body=1" for 127.0.0.1 at 2014-11-01 22:06:10 +0900


Started GET "/assets/application.js?body=1" for 127.0.0.1 at 2014-11-01 22:06:10 +0900


Started GET "/images/icons/icon-movie-poster.png" for 127.0.0.1 at 2014-11-01 22:06:10 +0900

ActionController::RoutingError (No route matches [GET] "/images/icons/icon-movie-poster.png"):
  actionpack (4.0.4) lib/action_dispatch/middleware/debug_exceptions.rb:21:in `call'
  actionpack (4.0.4) lib/action_dispatch/middleware/show_exceptions.rb:30:in `call'
  railties (4.0.4) lib/rails/rack/logger.rb:38:in `call_app'
  railties (4.0.4) lib/rails/rack/logger.rb:20:in `block in call'
  activesupport (4.0.4) lib/active_support/tagged_logging.rb:68:in `block in tagged'
  activesupport (4.0.4) lib/active_support/tagged_logging.rb:26:in `tagged'
  activesupport (4.0.4) lib/active_support/tagged_logging.rb:68:in `tagged'
  railties (4.0.4) lib/rails/rack/logger.rb:20:in `call'
  actionpack (4.0.4) lib/action_dispatch/middleware/request_id.rb:21:in `call'
  rack (1.5.2) lib/rack/methodoverride.rb:21:in `call'
  rack (1.5.2) lib/rack/runtime.rb:17:in `call'
  activesupport (4.0.4) lib/active_support/cache/strategy/local_cache.rb:83:in `call'
  rack (1.5.2) lib/rack/lock.rb:17:in `call'
  actionpack (4.0.4) lib/action_dispatch/middleware/static.rb:64:in `call'
  rack (1.5.2) lib/rack/sendfile.rb:112:in `call'
  railties (4.0.4) lib/rails/engine.rb:511:in `call'
  railties (4.0.4) lib/rails/application.rb:97:in `call'
  rack (1.5.2) lib/rack/lock.rb:17:in `call'
  rack (1.5.2) lib/rack/content_length.rb:14:in `call'
  rack (1.5.2) lib/rack/handler/webrick.rb:60:in `service'
  /Users/nari/.rbenv/versions/2.0.0-p247/lib/ruby/2.0.0/webrick/httpserver.rb:138:in `service'
  /Users/nari/.rbenv/versions/2.0.0-p247/lib/ruby/2.0.0/webrick/httpserver.rb:94:in `run'
  /Users/nari/.rbenv/versions/2.0.0-p247/lib/ruby/2.0.0/webrick/server.rb:295:in `block in start_thread'


  Rendered /Users/nari/.rbenv/versions/2.0.0-p247/lib/ruby/gems/2.0.0/gems/actionpack-4.0.4/lib/action_dispatch/middleware/templates/rescues/_trace.erb (1.2ms)
  Rendered /Users/nari/.rbenv/versions/2.0.0-p247/lib/ruby/gems/2.0.0/gems/actionpack-4.0.4/lib/action_dispatch/middleware/templates/routes/_route.html.erb (1.1ms)
  Rendered /Users/nari/.rbenv/versions/2.0.0-p247/lib/ruby/gems/2.0.0/gems/actionpack-4.0.4/lib/action_dispatch/middleware/templates/routes/_table.html.erb (6.9ms)
  Rendered /Users/nari/.rbenv/versions/2.0.0-p247/lib/ruby/gems/2.0.0/gems/actionpack-4.0.4/lib/action_dispatch/middleware/templates/rescues/routing_error.erb within rescues/layout (32.9ms)


Started GET "/assets/bambi-1.0.0.ttf?20140712" for 127.0.0.1 at 2014-11-01 22:06:10 +0900


Started GET "/" for 127.0.0.1 at 2014-11-01 22:07:22 +0900
Processing by TopController#index as HTML
  [1m[36m (0.3ms)[0m  [1mSELECT COUNT(*) AS count_all, product_id AS product_id FROM `reviews` GROUP BY product_id ORDER BY count_all DESC[0m
  [1m[35mProduct Load (0.2ms)[0m  SELECT `products`.* FROM `products` ORDER BY id DESC LIMIT 20
  [1m[36mReview Load (0.2ms)[0m  [1mSELECT `reviews`.* FROM `reviews` WHERE `reviews`.`product_id` = 40[0m
  [1m[35mReview Load (0.2ms)[0m  SELECT `reviews`.* FROM `reviews` WHERE `reviews`.`product_id` = 39
  [1m[36mReview Load (36.4ms)[0m  [1mSELECT `reviews`.* FROM `reviews` WHERE `reviews`.`product_id` = 38[0m
  [1m[35mReview Load (0.3ms)[0m  SELECT `reviews`.* FROM `reviews` WHERE `reviews`.`product_id` = 37
  [1m[36mReview Load (0.3ms)[0m  [1mSELECT `reviews`.* FROM `reviews` WHERE `reviews`.`product_id` = 36[0m
  [1m[35mReview Load (0.3ms)[0m  SELECT `reviews`.* FROM `reviews` WHERE `reviews`.`product_id` = 35
  [1m[36mReview Load (0.2ms)[0m  [1mSELECT `reviews`.* FROM `reviews` WHERE `reviews`.`product_id` = 34[0m
  [1m[35mReview Load (0.3ms)[0m  SELECT `reviews`.* FROM `reviews` WHERE `reviews`.`product_id` = 33
  [1m[36mReview Load (0.3ms)[0m  [1mSELECT `reviews`.* FROM `reviews` WHERE `reviews`.`product_id` = 32[0m
  [1m[35mReview Load (0.3ms)[0m  SELECT `reviews`.* FROM `reviews` WHERE `reviews`.`product_id` = 31
  [1m[36mReview Load (0.5ms)[0m  [1mSELECT `reviews`.* FROM `reviews` WHERE `reviews`.`product_id` = 30[0m
  [1m[35mReview Load (0.6ms)[0m  SELECT `reviews`.* FROM `reviews` WHERE `reviews`.`product_id` = 29
  [1m[36mReview Load (0.6ms)[0m  [1mSELECT `reviews`.* FROM `reviews` WHERE `reviews`.`product_id` = 28[0m
  [1m[35mReview Load (0.6ms)[0m  SELECT `reviews`.* FROM `reviews` WHERE `reviews`.`product_id` = 27
  [1m[36mReview Load (0.4ms)[0m  [1mSELECT `reviews`.* FROM `reviews` WHERE `reviews`.`product_id` = 26[0m
  [1m[35mReview Load (0.6ms)[0m  SELECT `reviews`.* FROM `reviews` WHERE `reviews`.`product_id` = 25
  [1m[36mReview Load (0.3ms)[0m  [1mSELECT `reviews`.* FROM `reviews` WHERE `reviews`.`product_id` = 24[0m
  [1m[35mReview Load (0.2ms)[0m  SELECT `reviews`.* FROM `reviews` WHERE `reviews`.`product_id` = 23
  [1m[36mReview Load (0.2ms)[0m  [1mSELECT `reviews`.* FROM `reviews` WHERE `reviews`.`product_id` = 22[0m
  [1m[35mReview Load (0.2ms)[0m  SELECT `reviews`.* FROM `reviews` WHERE `reviews`.`product_id` = 21
  Rendered top/index.html.erb within layouts/review_site (64.8ms)
  [1m[36mProduct Load (0.3ms)[0m  [1mSELECT `products`.* FROM `products` WHERE `products`.`id` IN (1, 7, 6, 2, 3, 4, 18, 9) LIMIT 5[0m
Completed 200 OK in 72ms (Views: 26.2ms | ActiveRecord: 43.6ms)


Started GET "/assets/application.css?body=1" for 127.0.0.1 at 2014-11-01 22:07:22 +0900


Started GET "/assets/review_site.css?body=1" for 127.0.0.1 at 2014-11-01 22:07:22 +0900


Started GET "/assets/works.css?body=1" for 127.0.0.1 at 2014-11-01 22:07:22 +0900


Started GET "/assets/jquery.js?body=1" for 127.0.0.1 at 2014-11-01 22:07:22 +0900


Started GET "/assets/jquery_ujs.js?body=1" for 127.0.0.1 at 2014-11-01 22:07:22 +0900


Started GET "/assets/top.css?body=1" for 127.0.0.1 at 2014-11-01 22:07:22 +0900


Started GET "/assets/turbolinks.js?body=1" for 127.0.0.1 at 2014-11-01 22:07:22 +0900


Started GET "/assets/top.js?body=1" for 127.0.0.1 at 2014-11-01 22:07:22 +0900


Started GET "/assets/application.js?body=1" for 127.0.0.1 at 2014-11-01 22:07:22 +0900


Started GET "/assets/works.js?body=1" for 127.0.0.1 at 2014-11-01 22:07:22 +0900


Started GET "/images/icons/icon-movie-poster.png" for 127.0.0.1 at 2014-11-01 22:07:22 +0900

ActionController::RoutingError (No route matches [GET] "/images/icons/icon-movie-poster.png"):
  actionpack (4.0.4) lib/action_dispatch/middleware/debug_exceptions.rb:21:in `call'
  actionpack (4.0.4) lib/action_dispatch/middleware/show_exceptions.rb:30:in `call'
  railties (4.0.4) lib/rails/rack/logger.rb:38:in `call_app'
  railties (4.0.4) lib/rails/rack/logger.rb:20:in `block in call'
  activesupport (4.0.4) lib/active_support/tagged_logging.rb:68:in `block in tagged'
  activesupport (4.0.4) lib/active_support/tagged_logging.rb:26:in `tagged'
  activesupport (4.0.4) lib/active_support/tagged_logging.rb:68:in `tagged'
  railties (4.0.4) lib/rails/rack/logger.rb:20:in `call'
  actionpack (4.0.4) lib/action_dispatch/middleware/request_id.rb:21:in `call'
  rack (1.5.2) lib/rack/methodoverride.rb:21:in `call'
  rack (1.5.2) lib/rack/runtime.rb:17:in `call'
  activesupport (4.0.4) lib/active_support/cache/strategy/local_cache.rb:83:in `call'
  rack (1.5.2) lib/rack/lock.rb:17:in `call'
  actionpack (4.0.4) lib/action_dispatch/middleware/static.rb:64:in `call'
  rack (1.5.2) lib/rack/sendfile.rb:112:in `call'
  railties (4.0.4) lib/rails/engine.rb:511:in `call'
  railties (4.0.4) lib/rails/application.rb:97:in `call'
  rack (1.5.2) lib/rack/lock.rb:17:in `call'
  rack (1.5.2) lib/rack/content_length.rb:14:in `call'
  rack (1.5.2) lib/rack/handler/webrick.rb:60:in `service'
  /Users/nari/.rbenv/versions/2.0.0-p247/lib/ruby/2.0.0/webrick/httpserver.rb:138:in `service'
  /Users/nari/.rbenv/versions/2.0.0-p247/lib/ruby/2.0.0/webrick/httpserver.rb:94:in `run'
  /Users/nari/.rbenv/versions/2.0.0-p247/lib/ruby/2.0.0/webrick/server.rb:295:in `block in start_thread'


  Rendered /Users/nari/.rbenv/versions/2.0.0-p247/lib/ruby/gems/2.0.0/gems/actionpack-4.0.4/lib/action_dispatch/middleware/templates/rescues/_trace.erb (1.1ms)
  Rendered /Users/nari/.rbenv/versions/2.0.0-p247/lib/ruby/gems/2.0.0/gems/actionpack-4.0.4/lib/action_dispatch/middleware/templates/routes/_route.html.erb (1.1ms)
  Rendered /Users/nari/.rbenv/versions/2.0.0-p247/lib/ruby/gems/2.0.0/gems/actionpack-4.0.4/lib/action_dispatch/middleware/templates/routes/_table.html.erb (1.0ms)
  Rendered /Users/nari/.rbenv/versions/2.0.0-p247/lib/ruby/gems/2.0.0/gems/actionpack-4.0.4/lib/action_dispatch/middleware/templates/rescues/routing_error.erb within rescues/layout (21.0ms)


Started GET "/assets/bambi-1.0.0.ttf?20140712" for 127.0.0.1 at 2014-11-01 22:07:22 +0900


Started GET "/" for 127.0.0.1 at 2014-11-01 22:16:03 +0900
Processing by TopController#index as HTML
  [1m[35m (0.2ms)[0m  SELECT COUNT(*) AS count_all, product_id AS product_id FROM `reviews` GROUP BY product_id ORDER BY count_all DESC
  Rendered top/index.html.erb within layouts/review_site (0.1ms)
  [1m[36mProduct Load (0.3ms)[0m  [1mSELECT `products`.* FROM `products` WHERE `products`.`id` IN (1, 7, 6, 2, 3, 4, 18, 9) LIMIT 5[0m
Completed 200 OK in 20ms (Views: 9.1ms | ActiveRecord: 3.6ms)


Started GET "/assets/review_site.css?body=1" for 127.0.0.1 at 2014-11-01 22:16:04 +0900


Started GET "/assets/jquery.js?body=1" for 127.0.0.1 at 2014-11-01 22:16:04 +0900


Started GET "/assets/works.css?body=1" for 127.0.0.1 at 2014-11-01 22:16:04 +0900


Started GET "/assets/top.css?body=1" for 127.0.0.1 at 2014-11-01 22:16:04 +0900


Started GET "/assets/jquery_ujs.js?body=1" for 127.0.0.1 at 2014-11-01 22:16:04 +0900


Started GET "/assets/application.css?body=1" for 127.0.0.1 at 2014-11-01 22:16:04 +0900


Started GET "/assets/turbolinks.js?body=1" for 127.0.0.1 at 2014-11-01 22:16:04 +0900


Started GET "/assets/top.js?body=1" for 127.0.0.1 at 2014-11-01 22:16:04 +0900


Started GET "/assets/works.js?body=1" for 127.0.0.1 at 2014-11-01 22:16:04 +0900


Started GET "/assets/application.js?body=1" for 127.0.0.1 at 2014-11-01 22:16:04 +0900


Started GET "/assets/bambi-1.0.0.ttf?20140712" for 127.0.0.1 at 2014-11-01 22:16:04 +0900


Started GET "/" for 127.0.0.1 at 2014-11-01 22:17:22 +0900
Processing by TopController#index as HTML
  [1m[35m (0.3ms)[0m  SELECT COUNT(*) AS count_all, product_id AS product_id FROM `reviews` GROUP BY product_id ORDER BY count_all DESC
  [1m[36mProduct Load (0.3ms)[0m  [1mSELECT `products`.* FROM `products` ORDER BY id DESC LIMIT 20[0m
  [1m[35mReview Load (0.3ms)[0m  SELECT `reviews`.* FROM `reviews` WHERE `reviews`.`product_id` = 40
  [1m[36mReview Load (0.2ms)[0m  [1mSELECT `reviews`.* FROM `reviews` WHERE `reviews`.`product_id` = 39[0m
  [1m[35mReview Load (0.2ms)[0m  SELECT `reviews`.* FROM `reviews` WHERE `reviews`.`product_id` = 38
  [1m[36mReview Load (0.2ms)[0m  [1mSELECT `reviews`.* FROM `reviews` WHERE `reviews`.`product_id` = 37[0m
  [1m[35mReview Load (0.2ms)[0m  SELECT `reviews`.* FROM `reviews` WHERE `reviews`.`product_id` = 36
  [1m[36mReview Load (0.2ms)[0m  [1mSELECT `reviews`.* FROM `reviews` WHERE `reviews`.`product_id` = 35[0m
  [1m[35mReview Load (0.2ms)[0m  SELECT `reviews`.* FROM `reviews` WHERE `reviews`.`product_id` = 34
  [1m[36mReview Load (0.2ms)[0m  [1mSELECT `reviews`.* FROM `reviews` WHERE `reviews`.`product_id` = 33[0m
  [1m[35mReview Load (0.2ms)[0m  SELECT `reviews`.* FROM `reviews` WHERE `reviews`.`product_id` = 32
  [1m[36mReview Load (0.3ms)[0m  [1mSELECT `reviews`.* FROM `reviews` WHERE `reviews`.`product_id` = 31[0m
  [1m[35mReview Load (0.2ms)[0m  SELECT `reviews`.* FROM `reviews` WHERE `reviews`.`product_id` = 30
  [1m[36mReview Load (0.2ms)[0m  [1mSELECT `reviews`.* FROM `reviews` WHERE `reviews`.`product_id` = 29[0m
  [1m[35mReview Load (0.2ms)[0m  SELECT `reviews`.* FROM `reviews` WHERE `reviews`.`product_id` = 28
  [1m[36mReview Load (0.2ms)[0m  [1mSELECT `reviews`.* FROM `reviews` WHERE `reviews`.`product_id` = 27[0m
  [1m[35mReview Load (0.2ms)[0m  SELECT `reviews`.* FROM `reviews` WHERE `reviews`.`product_id` = 26
  [1m[36mReview Load (0.2ms)[0m  [1mSELECT `reviews`.* FROM `reviews` WHERE `reviews`.`product_id` = 25[0m
  [1m[35mReview Load (0.2ms)[0m  SELECT `reviews`.* FROM `reviews` WHERE `reviews`.`product_id` = 24
  [1m[36mReview Load (0.2ms)[0m  [1mSELECT `reviews`.* FROM `reviews` WHERE `reviews`.`product_id` = 23[0m
  [1m[35mReview Load (0.2ms)[0m  SELECT `reviews`.* FROM `reviews` WHERE `reviews`.`product_id` = 22
  [1m[36mReview Load (0.2ms)[0m  [1mSELECT `reviews`.* FROM `reviews` WHERE `reviews`.`product_id` = 21[0m
  Rendered top/index.html.erb within layouts/review_site (24.4ms)
  [1m[35mProduct Load (0.3ms)[0m  SELECT `products`.* FROM `products` WHERE `products`.`id` IN (1, 7, 6, 2, 3, 4, 18, 9) LIMIT 5
Completed 200 OK in 82ms (Views: 23.0ms | ActiveRecord: 9.5ms)


Started GET "/assets/application.css?body=1" for 127.0.0.1 at 2014-11-01 22:17:23 +0900


Started GET "/assets/review_site.css?body=1" for 127.0.0.1 at 2014-11-01 22:17:23 +0900


Started GET "/assets/jquery.js?body=1" for 127.0.0.1 at 2014-11-01 22:17:23 +0900


Started GET "/assets/top.css?body=1" for 127.0.0.1 at 2014-11-01 22:17:23 +0900


Started GET "/assets/works.css?body=1" for 127.0.0.1 at 2014-11-01 22:17:23 +0900


Started GET "/assets/jquery_ujs.js?body=1" for 127.0.0.1 at 2014-11-01 22:17:23 +0900


Started GET "/assets/top.js?body=1" for 127.0.0.1 at 2014-11-01 22:17:23 +0900


Started GET "/assets/turbolinks.js?body=1" for 127.0.0.1 at 2014-11-01 22:17:23 +0900


Started GET "/assets/works.js?body=1" for 127.0.0.1 at 2014-11-01 22:17:23 +0900


Started GET "/assets/application.js?body=1" for 127.0.0.1 at 2014-11-01 22:17:23 +0900


Started GET "/images/icons/icon-movie-poster.png" for 127.0.0.1 at 2014-11-01 22:17:23 +0900

ActionController::RoutingError (No route matches [GET] "/images/icons/icon-movie-poster.png"):
  actionpack (4.0.4) lib/action_dispatch/middleware/debug_exceptions.rb:21:in `call'
  actionpack (4.0.4) lib/action_dispatch/middleware/show_exceptions.rb:30:in `call'
  railties (4.0.4) lib/rails/rack/logger.rb:38:in `call_app'
  railties (4.0.4) lib/rails/rack/logger.rb:20:in `block in call'
  activesupport (4.0.4) lib/active_support/tagged_logging.rb:68:in `block in tagged'
  activesupport (4.0.4) lib/active_support/tagged_logging.rb:26:in `tagged'
  activesupport (4.0.4) lib/active_support/tagged_logging.rb:68:in `tagged'
  railties (4.0.4) lib/rails/rack/logger.rb:20:in `call'
  actionpack (4.0.4) lib/action_dispatch/middleware/request_id.rb:21:in `call'
  rack (1.5.2) lib/rack/methodoverride.rb:21:in `call'
  rack (1.5.2) lib/rack/runtime.rb:17:in `call'
  activesupport (4.0.4) lib/active_support/cache/strategy/local_cache.rb:83:in `call'
  rack (1.5.2) lib/rack/lock.rb:17:in `call'
  actionpack (4.0.4) lib/action_dispatch/middleware/static.rb:64:in `call'
  rack (1.5.2) lib/rack/sendfile.rb:112:in `call'
  railties (4.0.4) lib/rails/engine.rb:511:in `call'
  railties (4.0.4) lib/rails/application.rb:97:in `call'
  rack (1.5.2) lib/rack/lock.rb:17:in `call'
  rack (1.5.2) lib/rack/content_length.rb:14:in `call'
  rack (1.5.2) lib/rack/handler/webrick.rb:60:in `service'
  /Users/nari/.rbenv/versions/2.0.0-p247/lib/ruby/2.0.0/webrick/httpserver.rb:138:in `service'
  /Users/nari/.rbenv/versions/2.0.0-p247/lib/ruby/2.0.0/webrick/httpserver.rb:94:in `run'
  /Users/nari/.rbenv/versions/2.0.0-p247/lib/ruby/2.0.0/webrick/server.rb:295:in `block in start_thread'


  Rendered /Users/nari/.rbenv/versions/2.0.0-p247/lib/ruby/gems/2.0.0/gems/actionpack-4.0.4/lib/action_dispatch/middleware/templates/rescues/_trace.erb (1.3ms)
  Rendered /Users/nari/.rbenv/versions/2.0.0-p247/lib/ruby/gems/2.0.0/gems/actionpack-4.0.4/lib/action_dispatch/middleware/templates/routes/_route.html.erb (2.1ms)
  Rendered /Users/nari/.rbenv/versions/2.0.0-p247/lib/ruby/gems/2.0.0/gems/actionpack-4.0.4/lib/action_dispatch/middleware/templates/routes/_table.html.erb (2.0ms)
  Rendered /Users/nari/.rbenv/versions/2.0.0-p247/lib/ruby/gems/2.0.0/gems/actionpack-4.0.4/lib/action_dispatch/middleware/templates/rescues/routing_error.erb within rescues/layout (27.1ms)


Started GET "/assets/bambi-1.0.0.ttf?20140712" for 127.0.0.1 at 2014-11-01 22:17:23 +0900


Started GET "/" for 127.0.0.1 at 2014-11-01 22:17:33 +0900
Processing by TopController#index as HTML
  [1m[36m (0.2ms)[0m  [1mSELECT COUNT(*) AS count_all, product_id AS product_id FROM `reviews` GROUP BY product_id ORDER BY count_all DESC[0m
  Rendered top/index.html.erb within layouts/review_site (0.1ms)
  [1m[35mProduct Load (0.3ms)[0m  SELECT `products`.* FROM `products` WHERE `products`.`id` IN (1, 7, 6, 2, 3, 4, 18, 9) LIMIT 5
Completed 200 OK in 22ms (Views: 12.3ms | ActiveRecord: 3.3ms)


Started GET "/assets/application.css?body=1" for 127.0.0.1 at 2014-11-01 22:17:33 +0900


Started GET "/assets/review_site.css?body=1" for 127.0.0.1 at 2014-11-01 22:17:33 +0900


Started GET "/assets/jquery_ujs.js?body=1" for 127.0.0.1 at 2014-11-01 22:17:33 +0900


Started GET "/assets/top.css?body=1" for 127.0.0.1 at 2014-11-01 22:17:33 +0900


Started GET "/assets/works.css?body=1" for 127.0.0.1 at 2014-11-01 22:17:33 +0900


Started GET "/assets/jquery.js?body=1" for 127.0.0.1 at 2014-11-01 22:17:33 +0900


Started GET "/assets/turbolinks.js?body=1" for 127.0.0.1 at 2014-11-01 22:17:33 +0900


Started GET "/assets/top.js?body=1" for 127.0.0.1 at 2014-11-01 22:17:33 +0900


Started GET "/assets/works.js?body=1" for 127.0.0.1 at 2014-11-01 22:17:33 +0900


Started GET "/assets/application.js?body=1" for 127.0.0.1 at 2014-11-01 22:17:33 +0900


Started GET "/assets/bambi-1.0.0.ttf?20140712" for 127.0.0.1 at 2014-11-01 22:17:33 +0900


Started GET "/" for 127.0.0.1 at 2014-11-01 22:23:45 +0900
Processing by TopController#index as HTML
Completed 500 Internal Server Error in 45ms

NameError (uninitialized constant ReviewController::ReviewRank):
  app/controllers/review_controller.rb:8:in `set_ranking'


  Rendered /Users/nari/.rbenv/versions/2.0.0-p247/lib/ruby/gems/2.0.0/gems/actionpack-4.0.4/lib/action_dispatch/middleware/templates/rescues/_source.erb (0.7ms)
  Rendered /Users/nari/.rbenv/versions/2.0.0-p247/lib/ruby/gems/2.0.0/gems/actionpack-4.0.4/lib/action_dispatch/middleware/templates/rescues/_trace.erb (0.9ms)
  Rendered /Users/nari/.rbenv/versions/2.0.0-p247/lib/ruby/gems/2.0.0/gems/actionpack-4.0.4/lib/action_dispatch/middleware/templates/rescues/_request_and_response.erb (0.9ms)
  Rendered /Users/nari/.rbenv/versions/2.0.0-p247/lib/ruby/gems/2.0.0/gems/actionpack-4.0.4/lib/action_dispatch/middleware/templates/rescues/diagnostics.erb within rescues/layout (18.2ms)


Started GET "/" for 127.0.0.1 at 2014-11-01 22:24:22 +0900
Processing by TopController#index as HTML
  Rendered top/index.html.erb within layouts/review_site (0.1ms)
Completed 500 Internal Server Error in 5ms

ActionView::Template::Error (undefined method `each' for nil:NilClass):
    32:               <i class="icon-crown color-gray-light"></i>投稿ランキング
    33:             </h4>
    34:             <ul class="listview listview--condensed text-small">
    35:               <% @ranking.each.with_index(1) do |product, i| %>
    36:               <li data-cinema-id="346394">
    37:                 <a href="/products/<%= product.id %>">
    38:                   <div class="box">
  app/views/layouts/review_site.html.erb:35:in `_app_views_layouts_review_site_html_erb___1663226045166352281_70246318927340'


  Rendered /Users/nari/.rbenv/versions/2.0.0-p247/lib/ruby/gems/2.0.0/gems/actionpack-4.0.4/lib/action_dispatch/middleware/templates/rescues/_trace.erb (1.1ms)
  Rendered /Users/nari/.rbenv/versions/2.0.0-p247/lib/ruby/gems/2.0.0/gems/actionpack-4.0.4/lib/action_dispatch/middleware/templates/rescues/_request_and_response.erb (0.8ms)
  Rendered /Users/nari/.rbenv/versions/2.0.0-p247/lib/ruby/gems/2.0.0/gems/actionpack-4.0.4/lib/action_dispatch/middleware/templates/rescues/template_error.erb within rescues/layout (10.4ms)


Started GET "/" for 127.0.0.1 at 2014-11-01 22:24:23 +0900
Processing by TopController#index as HTML
  Rendered top/index.html.erb within layouts/review_site (0.0ms)
Completed 500 Internal Server Error in 5ms

ActionView::Template::Error (undefined method `each' for nil:NilClass):
    32:               <i class="icon-crown color-gray-light"></i>投稿ランキング
    33:             </h4>
    34:             <ul class="listview listview--condensed text-small">
    35:               <% @ranking.each.with_index(1) do |product, i| %>
    36:               <li data-cinema-id="346394">
    37:                 <a href="/products/<%= product.id %>">
    38:                   <div class="box">
  app/views/layouts/review_site.html.erb:35:in `_app_views_layouts_review_site_html_erb___1663226045166352281_70246318927340'


  Rendered /Users/nari/.rbenv/versions/2.0.0-p247/lib/ruby/gems/2.0.0/gems/actionpack-4.0.4/lib/action_dispatch/middleware/templates/rescues/_trace.erb (0.9ms)
  Rendered /Users/nari/.rbenv/versions/2.0.0-p247/lib/ruby/gems/2.0.0/gems/actionpack-4.0.4/lib/action_dispatch/middleware/templates/rescues/_request_and_response.erb (0.8ms)
  Rendered /Users/nari/.rbenv/versions/2.0.0-p247/lib/ruby/gems/2.0.0/gems/actionpack-4.0.4/lib/action_dispatch/middleware/templates/rescues/template_error.erb within rescues/layout (9.2ms)


Started GET "/" for 127.0.0.1 at 2014-11-01 22:25:09 +0900
Processing by TopController#index as HTML
  Rendered top/index.html.erb within layouts/review_site (0.1ms)
Completed 200 OK in 5ms (Views: 4.4ms | ActiveRecord: 0.0ms)


Started GET "/assets/application.css?body=1" for 127.0.0.1 at 2014-11-01 22:25:09 +0900


Started GET "/assets/jquery.js?body=1" for 127.0.0.1 at 2014-11-01 22:25:09 +0900


Started GET "/assets/turbolinks.js?body=1" for 127.0.0.1 at 2014-11-01 22:25:09 +0900


Started GET "/assets/review_site.css?body=1" for 127.0.0.1 at 2014-11-01 22:25:09 +0900


Started GET "/assets/top.css?body=1" for 127.0.0.1 at 2014-11-01 22:25:09 +0900


Started GET "/assets/jquery_ujs.js?body=1" for 127.0.0.1 at 2014-11-01 22:25:09 +0900


Started GET "/assets/works.css?body=1" for 127.0.0.1 at 2014-11-01 22:25:09 +0900


Started GET "/assets/top.js?body=1" for 127.0.0.1 at 2014-11-01 22:25:09 +0900


Started GET "/assets/works.js?body=1" for 127.0.0.1 at 2014-11-01 22:25:09 +0900


Started GET "/assets/application.js?body=1" for 127.0.0.1 at 2014-11-01 22:25:09 +0900


Started GET "/assets/bambi-1.0.0.ttf?20140712" for 127.0.0.1 at 2014-11-01 22:25:09 +0900


Started GET "/" for 127.0.0.1 at 2014-11-01 22:31:49 +0900
Processing by TopController#index as HTML
  Rendered top/index.html.erb within layouts/review_site (0.1ms)
Completed 200 OK in 6ms (Views: 4.4ms | ActiveRecord: 0.0ms)


Started GET "/assets/application.css?body=1" for 127.0.0.1 at 2014-11-01 22:31:49 +0900


Started GET "/assets/jquery_ujs.js?body=1" for 127.0.0.1 at 2014-11-01 22:31:49 +0900


Started GET "/assets/works.css?body=1" for 127.0.0.1 at 2014-11-01 22:31:49 +0900


Started GET "/assets/review_site.css?body=1" for 127.0.0.1 at 2014-11-01 22:31:49 +0900


Started GET "/assets/jquery.js?body=1" for 127.0.0.1 at 2014-11-01 22:31:49 +0900


Started GET "/assets/top.css?body=1" for 127.0.0.1 at 2014-11-01 22:31:49 +0900


Started GET "/assets/turbolinks.js?body=1" for 127.0.0.1 at 2014-11-01 22:31:49 +0900


Started GET "/assets/top.js?body=1" for 127.0.0.1 at 2014-11-01 22:31:49 +0900


Started GET "/assets/works.js?body=1" for 127.0.0.1 at 2014-11-01 22:31:49 +0900


Started GET "/assets/application.js?body=1" for 127.0.0.1 at 2014-11-01 22:31:49 +0900


Started GET "/assets/bambi-1.0.0.ttf?20140712" for 127.0.0.1 at 2014-11-01 22:31:49 +0900


Started GET "/" for 127.0.0.1 at 2014-11-01 22:31:50 +0900
Processing by TopController#index as HTML
  Rendered top/index.html.erb within layouts/review_site (0.1ms)
Completed 200 OK in 6ms (Views: 5.5ms | ActiveRecord: 0.0ms)


Started GET "/assets/application.css?body=1" for 127.0.0.1 at 2014-11-01 22:31:50 +0900


Started GET "/assets/review_site.css?body=1" for 127.0.0.1 at 2014-11-01 22:31:50 +0900


Started GET "/assets/top.css?body=1" for 127.0.0.1 at 2014-11-01 22:31:50 +0900


Started GET "/assets/jquery.js?body=1" for 127.0.0.1 at 2014-11-01 22:31:50 +0900


Started GET "/assets/works.css?body=1" for 127.0.0.1 at 2014-11-01 22:31:50 +0900


Started GET "/assets/jquery_ujs.js?body=1" for 127.0.0.1 at 2014-11-01 22:31:50 +0900


Started GET "/assets/turbolinks.js?body=1" for 127.0.0.1 at 2014-11-01 22:31:50 +0900


Started GET "/assets/top.js?body=1" for 127.0.0.1 at 2014-11-01 22:31:50 +0900


Started GET "/assets/works.js?body=1" for 127.0.0.1 at 2014-11-01 22:31:50 +0900


Started GET "/assets/application.js?body=1" for 127.0.0.1 at 2014-11-01 22:31:50 +0900


Started GET "/assets/bambi-1.0.0.ttf?20140712" for 127.0.0.1 at 2014-11-01 22:31:50 +0900


Started GET "/" for 127.0.0.1 at 2014-11-01 22:31:51 +0900
Processing by TopController#index as HTML
  Rendered top/index.html.erb within layouts/review_site (0.4ms)
Completed 200 OK in 4ms (Views: 3.8ms | ActiveRecord: 0.0ms)


Started GET "/search" for 127.0.0.1 at 2014-11-01 22:31:52 +0900
Processing by TopController#search as HTML
  Rendered top/search.html.erb within layouts/review_site (1.1ms)
Completed 200 OK in 5ms (Views: 4.8ms | ActiveRecord: 0.0ms)


Started GET "/search?utf8=%E2%9C%93&keyword=%E3%81%82" for 127.0.0.1 at 2014-11-01 22:31:55 +0900
Processing by TopController#search as HTML
  Parameters: {"utf8"=>"✓", "keyword"=>"あ"}
  Rendered top/search.html.erb within layouts/review_site (1.4ms)
Completed 200 OK in 6ms (Views: 5.6ms | ActiveRecord: 0.0ms)


Started GET "/assets/application.css?body=1" for 127.0.0.1 at 2014-11-01 22:31:55 +0900


Started GET "/assets/jquery_ujs.js?body=1" for 127.0.0.1 at 2014-11-01 22:31:55 +0900


Started GET "/assets/top.css?body=1" for 127.0.0.1 at 2014-11-01 22:31:55 +0900


Started GET "/assets/jquery.js?body=1" for 127.0.0.1 at 2014-11-01 22:31:55 +0900


Started GET "/assets/review_site.css?body=1" for 127.0.0.1 at 2014-11-01 22:31:55 +0900


Started GET "/assets/works.css?body=1" for 127.0.0.1 at 2014-11-01 22:31:55 +0900


Started GET "/assets/turbolinks.js?body=1" for 127.0.0.1 at 2014-11-01 22:31:55 +0900


Started GET "/assets/top.js?body=1" for 127.0.0.1 at 2014-11-01 22:31:55 +0900


Started GET "/assets/works.js?body=1" for 127.0.0.1 at 2014-11-01 22:31:55 +0900


Started GET "/assets/application.js?body=1" for 127.0.0.1 at 2014-11-01 22:31:55 +0900


Started GET "/assets/bambi-1.0.0.ttf?20140712" for 127.0.0.1 at 2014-11-01 22:31:55 +0900


Started GET "/" for 127.0.0.1 at 2014-11-01 22:31:57 +0900
Processing by TopController#index as HTML
  Rendered top/index.html.erb within layouts/review_site (0.1ms)
Completed 200 OK in 5ms (Views: 4.6ms | ActiveRecord: 0.0ms)


Started GET "/" for 127.0.0.1 at 2014-11-01 22:31:58 +0900
Processing by TopController#index as HTML
  Rendered top/index.html.erb within layouts/review_site (0.1ms)
Completed 200 OK in 5ms (Views: 4.4ms | ActiveRecord: 0.0ms)


Started GET "/" for 127.0.0.1 at 2014-11-01 22:31:58 +0900
Processing by TopController#index as HTML
  Rendered top/index.html.erb within layouts/review_site (0.0ms)
Completed 200 OK in 4ms (Views: 3.3ms | ActiveRecord: 0.0ms)


Started GET "/" for 127.0.0.1 at 2014-11-01 22:31:58 +0900
Processing by TopController#index as HTML
  Rendered top/index.html.erb within layouts/review_site (0.0ms)
Completed 200 OK in 4ms (Views: 3.1ms | ActiveRecord: 0.0ms)


Started GET "/" for 127.0.0.1 at 2014-11-01 22:31:58 +0900
Processing by TopController#index as HTML
  Rendered top/index.html.erb within layouts/review_site (0.0ms)
Completed 200 OK in 4ms (Views: 3.5ms | ActiveRecord: 0.0ms)


Started GET "/" for 127.0.0.1 at 2014-11-01 22:31:58 +0900
Processing by TopController#index as HTML
  Rendered top/index.html.erb within layouts/review_site (0.0ms)
Completed 200 OK in 4ms (Views: 3.6ms | ActiveRecord: 0.0ms)


Started GET "/search" for 127.0.0.1 at 2014-11-01 22:32:01 +0900
Processing by TopController#search as HTML
  Rendered top/search.html.erb within layouts/review_site (0.3ms)
Completed 200 OK in 4ms (Views: 3.5ms | ActiveRecord: 0.0ms)


Started GET "/search" for 127.0.0.1 at 2014-11-01 22:32:01 +0900
Processing by TopController#search as HTML
  Rendered top/search.html.erb within layouts/review_site (0.4ms)
Completed 200 OK in 5ms (Views: 4.2ms | ActiveRecord: 0.0ms)


Started GET "/search" for 127.0.0.1 at 2014-11-01 22:32:01 +0900
Processing by TopController#search as HTML
  Rendered top/search.html.erb within layouts/review_site (0.3ms)
Completed 200 OK in 4ms (Views: 3.5ms | ActiveRecord: 0.0ms)


Started GET "/search" for 127.0.0.1 at 2014-11-01 22:32:01 +0900
Processing by TopController#search as HTML
  Rendered top/search.html.erb within layouts/review_site (0.4ms)
Completed 200 OK in 5ms (Views: 4.2ms | ActiveRecord: 0.0ms)


Started GET "/search" for 127.0.0.1 at 2014-11-01 22:32:01 +0900
Processing by TopController#search as HTML
  Rendered top/search.html.erb within layouts/review_site (0.4ms)
Completed 200 OK in 5ms (Views: 4.1ms | ActiveRecord: 0.0ms)


Started GET "/" for 127.0.0.1 at 2014-11-01 22:32:03 +0900
Processing by TopController#index as HTML
  Rendered top/index.html.erb within layouts/review_site (0.0ms)
Completed 200 OK in 4ms (Views: 3.4ms | ActiveRecord: 0.0ms)


Started GET "/" for 127.0.0.1 at 2014-11-01 22:32:03 +0900
Processing by TopController#index as HTML
  Rendered top/index.html.erb within layouts/review_site (0.0ms)
Completed 200 OK in 4ms (Views: 3.4ms | ActiveRecord: 0.0ms)


Started GET "/" for 127.0.0.1 at 2014-11-01 22:32:03 +0900
Processing by TopController#index as HTML
  Rendered top/index.html.erb within layouts/review_site (0.0ms)
Completed 200 OK in 4ms (Views: 3.7ms | ActiveRecord: 0.0ms)


Started GET "/" for 127.0.0.1 at 2014-11-01 22:32:03 +0900
Processing by TopController#index as HTML
  Rendered top/index.html.erb within layouts/review_site (0.0ms)
Completed 200 OK in 4ms (Views: 3.2ms | ActiveRecord: 0.0ms)


Started GET "/" for 10.0.2.2 at 2016-08-04 21:53:32 +0900

ActiveRecord::AdapterNotSpecified ('development' database is not configured. Available: []):
  activerecord (4.2.5) lib/active_record/connection_adapters/connection_specification.rb:248:in `resolve_symbol_connection'
  activerecord (4.2.5) lib/active_record/connection_adapters/connection_specification.rb:211:in `resolve_connection'
  activerecord (4.2.5) lib/active_record/connection_adapters/connection_specification.rb:139:in `resolve'
  activerecord (4.2.5) lib/active_record/connection_adapters/connection_specification.rb:169:in `spec'
  activerecord (4.2.5) lib/active_record/connection_handling.rb:50:in `establish_connection'
  activerecord (4.2.5) lib/active_record/railtie.rb:120:in `block (2 levels) in <class:Railtie>'
  activesupport (4.2.5) lib/active_support/lazy_load_hooks.rb:38:in `instance_eval'
  activesupport (4.2.5) lib/active_support/lazy_load_hooks.rb:38:in `execute_hook'
  activesupport (4.2.5) lib/active_support/lazy_load_hooks.rb:45:in `block in run_load_hooks'
  activesupport (4.2.5) lib/active_support/lazy_load_hooks.rb:44:in `each'
  activesupport (4.2.5) lib/active_support/lazy_load_hooks.rb:44:in `run_load_hooks'
  activerecord (4.2.5) lib/active_record/base.rb:315:in `<module:ActiveRecord>'
  activerecord (4.2.5) lib/active_record/base.rb:26:in `<top (required)>'
  activerecord (4.2.5) lib/active_record/migration.rb:383:in `connection'
  activerecord (4.2.5) lib/active_record/migration.rb:370:in `call'
  actionpack (4.2.5) lib/action_dispatch/middleware/callbacks.rb:29:in `block in call'
  activesupport (4.2.5) lib/active_support/callbacks.rb:88:in `__run_callbacks__'
  activesupport (4.2.5) lib/active_support/callbacks.rb:778:in `_run_call_callbacks'
  activesupport (4.2.5) lib/active_support/callbacks.rb:81:in `run_callbacks'
  actionpack (4.2.5) lib/action_dispatch/middleware/callbacks.rb:27:in `call'
  actionpack (4.2.5) lib/action_dispatch/middleware/reloader.rb:73:in `call'
  actionpack (4.2.5) lib/action_dispatch/middleware/remote_ip.rb:78:in `call'
  actionpack (4.2.5) lib/action_dispatch/middleware/debug_exceptions.rb:17:in `call'
  actionpack (4.2.5) lib/action_dispatch/middleware/show_exceptions.rb:30:in `call'
  railties (4.2.5) lib/rails/rack/logger.rb:38:in `call_app'
  railties (4.2.5) lib/rails/rack/logger.rb:20:in `block in call'
  activesupport (4.2.5) lib/active_support/tagged_logging.rb:68:in `block in tagged'
  activesupport (4.2.5) lib/active_support/tagged_logging.rb:26:in `tagged'
  activesupport (4.2.5) lib/active_support/tagged_logging.rb:68:in `tagged'
  railties (4.2.5) lib/rails/rack/logger.rb:20:in `call'
  actionpack (4.2.5) lib/action_dispatch/middleware/request_id.rb:21:in `call'
  rack (1.6.4) lib/rack/methodoverride.rb:22:in `call'
  rack (1.6.4) lib/rack/runtime.rb:18:in `call'
  activesupport (4.2.5) lib/active_support/cache/strategy/local_cache_middleware.rb:28:in `call'
  rack (1.6.4) lib/rack/lock.rb:17:in `call'
  actionpack (4.2.5) lib/action_dispatch/middleware/static.rb:116:in `call'
  rack (1.6.4) lib/rack/sendfile.rb:113:in `call'
  railties (4.2.5) lib/rails/engine.rb:518:in `call'
  railties (4.2.5) lib/rails/application.rb:165:in `call'
  rack (1.6.4) lib/rack/lock.rb:17:in `call'
  rack (1.6.4) lib/rack/content_length.rb:15:in `call'
  rack (1.6.4) lib/rack/handler/webrick.rb:88:in `service'
  /home/vagrant/.rbenv/versions/2.2.3/lib/ruby/2.2.0/webrick/httpserver.rb:138:in `service'
  /home/vagrant/.rbenv/versions/2.2.3/lib/ruby/2.2.0/webrick/httpserver.rb:94:in `run'
  /home/vagrant/.rbenv/versions/2.2.3/lib/ruby/2.2.0/webrick/server.rb:294:in `block in start_thread'


  Rendered /home/vagrant/.rbenv/versions/2.2.3/lib/ruby/gems/2.2.0/gems/actionpack-4.2.5/lib/action_dispatch/middleware/templates/rescues/_source.erb (8.9ms)
  Rendered /home/vagrant/.rbenv/versions/2.2.3/lib/ruby/gems/2.2.0/gems/actionpack-4.2.5/lib/action_dispatch/middleware/templates/rescues/_trace.html.erb (5.0ms)
  Rendered /home/vagrant/.rbenv/versions/2.2.3/lib/ruby/gems/2.2.0/gems/actionpack-4.2.5/lib/action_dispatch/middleware/templates/rescues/_request_and_response.html.erb (2.6ms)
  Rendered /home/vagrant/.rbenv/versions/2.2.3/lib/ruby/gems/2.2.0/gems/actionpack-4.2.5/lib/action_dispatch/middleware/templates/rescues/diagnostics.html.erb within rescues/layout (92.3ms)


Started GET "/" for 10.0.2.2 at 2016-08-04 21:53:47 +0900

ActiveRecord::AdapterNotSpecified ('development' database is not configured. Available: []):
  activerecord (4.2.5) lib/active_record/connection_adapters/connection_specification.rb:248:in `resolve_symbol_connection'
  activerecord (4.2.5) lib/active_record/connection_adapters/connection_specification.rb:211:in `resolve_connection'
  activerecord (4.2.5) lib/active_record/connection_adapters/connection_specification.rb:139:in `resolve'
  activerecord (4.2.5) lib/active_record/connection_adapters/connection_specification.rb:169:in `spec'
  activerecord (4.2.5) lib/active_record/connection_handling.rb:50:in `establish_connection'
  activerecord (4.2.5) lib/active_record/railtie.rb:120:in `block (2 levels) in <class:Railtie>'
  activesupport (4.2.5) lib/active_support/lazy_load_hooks.rb:38:in `instance_eval'
  activesupport (4.2.5) lib/active_support/lazy_load_hooks.rb:38:in `execute_hook'
  activesupport (4.2.5) lib/active_support/lazy_load_hooks.rb:45:in `block in run_load_hooks'
  activesupport (4.2.5) lib/active_support/lazy_load_hooks.rb:44:in `each'
  activesupport (4.2.5) lib/active_support/lazy_load_hooks.rb:44:in `run_load_hooks'
  activerecord (4.2.5) lib/active_record/base.rb:315:in `<module:ActiveRecord>'
  activerecord (4.2.5) lib/active_record/base.rb:26:in `<top (required)>'
  activerecord (4.2.5) lib/active_record/migration.rb:383:in `connection'
  activerecord (4.2.5) lib/active_record/migration.rb:370:in `call'
  actionpack (4.2.5) lib/action_dispatch/middleware/callbacks.rb:29:in `block in call'
  activesupport (4.2.5) lib/active_support/callbacks.rb:88:in `__run_callbacks__'
  activesupport (4.2.5) lib/active_support/callbacks.rb:778:in `_run_call_callbacks'
  activesupport (4.2.5) lib/active_support/callbacks.rb:81:in `run_callbacks'
  actionpack (4.2.5) lib/action_dispatch/middleware/callbacks.rb:27:in `call'
  actionpack (4.2.5) lib/action_dispatch/middleware/reloader.rb:73:in `call'
  actionpack (4.2.5) lib/action_dispatch/middleware/remote_ip.rb:78:in `call'
  actionpack (4.2.5) lib/action_dispatch/middleware/debug_exceptions.rb:17:in `call'
  actionpack (4.2.5) lib/action_dispatch/middleware/show_exceptions.rb:30:in `call'
  railties (4.2.5) lib/rails/rack/logger.rb:38:in `call_app'
  railties (4.2.5) lib/rails/rack/logger.rb:20:in `block in call'
  activesupport (4.2.5) lib/active_support/tagged_logging.rb:68:in `block in tagged'
  activesupport (4.2.5) lib/active_support/tagged_logging.rb:26:in `tagged'
  activesupport (4.2.5) lib/active_support/tagged_logging.rb:68:in `tagged'
  railties (4.2.5) lib/rails/rack/logger.rb:20:in `call'
  actionpack (4.2.5) lib/action_dispatch/middleware/request_id.rb:21:in `call'
  rack (1.6.4) lib/rack/methodoverride.rb:22:in `call'
  rack (1.6.4) lib/rack/runtime.rb:18:in `call'
  activesupport (4.2.5) lib/active_support/cache/strategy/local_cache_middleware.rb:28:in `call'
  rack (1.6.4) lib/rack/lock.rb:17:in `call'
  actionpack (4.2.5) lib/action_dispatch/middleware/static.rb:116:in `call'
  rack (1.6.4) lib/rack/sendfile.rb:113:in `call'
  railties (4.2.5) lib/rails/engine.rb:518:in `call'
  railties (4.2.5) lib/rails/application.rb:165:in `call'
  rack (1.6.4) lib/rack/lock.rb:17:in `call'
  rack (1.6.4) lib/rack/content_length.rb:15:in `call'
  rack (1.6.4) lib/rack/handler/webrick.rb:88:in `service'
  /home/vagrant/.rbenv/versions/2.2.3/lib/ruby/2.2.0/webrick/httpserver.rb:138:in `service'
  /home/vagrant/.rbenv/versions/2.2.3/lib/ruby/2.2.0/webrick/httpserver.rb:94:in `run'
  /home/vagrant/.rbenv/versions/2.2.3/lib/ruby/2.2.0/webrick/server.rb:294:in `block in start_thread'


  Rendered /home/vagrant/.rbenv/versions/2.2.3/lib/ruby/gems/2.2.0/gems/actionpack-4.2.5/lib/action_dispatch/middleware/templates/rescues/_source.erb (8.5ms)
  Rendered /home/vagrant/.rbenv/versions/2.2.3/lib/ruby/gems/2.2.0/gems/actionpack-4.2.5/lib/action_dispatch/middleware/templates/rescues/_trace.html.erb (4.9ms)
  Rendered /home/vagrant/.rbenv/versions/2.2.3/lib/ruby/gems/2.2.0/gems/actionpack-4.2.5/lib/action_dispatch/middleware/templates/rescues/_request_and_response.html.erb (2.4ms)
  Rendered /home/vagrant/.rbenv/versions/2.2.3/lib/ruby/gems/2.2.0/gems/actionpack-4.2.5/lib/action_dispatch/middleware/templates/rescues/diagnostics.html.erb within rescues/layout (63.0ms)


Started GET "/" for 10.0.2.2 at 2016-08-04 21:54:01 +0900

ActiveRecord::AdapterNotSpecified ('development' database is not configured. Available: []):
  activerecord (4.2.5) lib/active_record/connection_adapters/connection_specification.rb:248:in `resolve_symbol_connection'
  activerecord (4.2.5) lib/active_record/connection_adapters/connection_specification.rb:211:in `resolve_connection'
  activerecord (4.2.5) lib/active_record/connection_adapters/connection_specification.rb:139:in `resolve'
  activerecord (4.2.5) lib/active_record/connection_adapters/connection_specification.rb:169:in `spec'
  activerecord (4.2.5) lib/active_record/connection_handling.rb:50:in `establish_connection'
  activerecord (4.2.5) lib/active_record/railtie.rb:120:in `block (2 levels) in <class:Railtie>'
  activesupport (4.2.5) lib/active_support/lazy_load_hooks.rb:38:in `instance_eval'
  activesupport (4.2.5) lib/active_support/lazy_load_hooks.rb:38:in `execute_hook'
  activesupport (4.2.5) lib/active_support/lazy_load_hooks.rb:45:in `block in run_load_hooks'
  activesupport (4.2.5) lib/active_support/lazy_load_hooks.rb:44:in `each'
  activesupport (4.2.5) lib/active_support/lazy_load_hooks.rb:44:in `run_load_hooks'
  activerecord (4.2.5) lib/active_record/base.rb:315:in `<module:ActiveRecord>'
  activerecord (4.2.5) lib/active_record/base.rb:26:in `<top (required)>'
  activerecord (4.2.5) lib/active_record/migration.rb:383:in `connection'
  activerecord (4.2.5) lib/active_record/migration.rb:370:in `call'
  actionpack (4.2.5) lib/action_dispatch/middleware/callbacks.rb:29:in `block in call'
  activesupport (4.2.5) lib/active_support/callbacks.rb:88:in `__run_callbacks__'
  activesupport (4.2.5) lib/active_support/callbacks.rb:778:in `_run_call_callbacks'
  activesupport (4.2.5) lib/active_support/callbacks.rb:81:in `run_callbacks'
  actionpack (4.2.5) lib/action_dispatch/middleware/callbacks.rb:27:in `call'
  actionpack (4.2.5) lib/action_dispatch/middleware/reloader.rb:73:in `call'
  actionpack (4.2.5) lib/action_dispatch/middleware/remote_ip.rb:78:in `call'
  actionpack (4.2.5) lib/action_dispatch/middleware/debug_exceptions.rb:17:in `call'
  actionpack (4.2.5) lib/action_dispatch/middleware/show_exceptions.rb:30:in `call'
  railties (4.2.5) lib/rails/rack/logger.rb:38:in `call_app'
  railties (4.2.5) lib/rails/rack/logger.rb:20:in `block in call'
  activesupport (4.2.5) lib/active_support/tagged_logging.rb:68:in `block in tagged'
  activesupport (4.2.5) lib/active_support/tagged_logging.rb:26:in `tagged'
  activesupport (4.2.5) lib/active_support/tagged_logging.rb:68:in `tagged'
  railties (4.2.5) lib/rails/rack/logger.rb:20:in `call'
  actionpack (4.2.5) lib/action_dispatch/middleware/request_id.rb:21:in `call'
  rack (1.6.4) lib/rack/methodoverride.rb:22:in `call'
  rack (1.6.4) lib/rack/runtime.rb:18:in `call'
  activesupport (4.2.5) lib/active_support/cache/strategy/local_cache_middleware.rb:28:in `call'
  rack (1.6.4) lib/rack/lock.rb:17:in `call'
  actionpack (4.2.5) lib/action_dispatch/middleware/static.rb:116:in `call'
  rack (1.6.4) lib/rack/sendfile.rb:113:in `call'
  railties (4.2.5) lib/rails/engine.rb:518:in `call'
  railties (4.2.5) lib/rails/application.rb:165:in `call'
  rack (1.6.4) lib/rack/lock.rb:17:in `call'
  rack (1.6.4) lib/rack/content_length.rb:15:in `call'
  rack (1.6.4) lib/rack/handler/webrick.rb:88:in `service'
  /home/vagrant/.rbenv/versions/2.2.3/lib/ruby/2.2.0/webrick/httpserver.rb:138:in `service'
  /home/vagrant/.rbenv/versions/2.2.3/lib/ruby/2.2.0/webrick/httpserver.rb:94:in `run'
  /home/vagrant/.rbenv/versions/2.2.3/lib/ruby/2.2.0/webrick/server.rb:294:in `block in start_thread'


  Rendered /home/vagrant/.rbenv/versions/2.2.3/lib/ruby/gems/2.2.0/gems/actionpack-4.2.5/lib/action_dispatch/middleware/templates/rescues/_source.erb (8.6ms)
  Rendered /home/vagrant/.rbenv/versions/2.2.3/lib/ruby/gems/2.2.0/gems/actionpack-4.2.5/lib/action_dispatch/middleware/templates/rescues/_trace.html.erb (4.4ms)
  Rendered /home/vagrant/.rbenv/versions/2.2.3/lib/ruby/gems/2.2.0/gems/actionpack-4.2.5/lib/action_dispatch/middleware/templates/rescues/_request_and_response.html.erb (2.5ms)
  Rendered /home/vagrant/.rbenv/versions/2.2.3/lib/ruby/gems/2.2.0/gems/actionpack-4.2.5/lib/action_dispatch/middleware/templates/rescues/diagnostics.html.erb within rescues/layout (60.4ms)


Started GET "/" for 10.0.2.2 at 2016-08-04 21:54:41 +0900

ActiveRecord::AdapterNotSpecified ('development' database is not configured. Available: []):
  activerecord (4.2.5) lib/active_record/connection_adapters/connection_specification.rb:248:in `resolve_symbol_connection'
  activerecord (4.2.5) lib/active_record/connection_adapters/connection_specification.rb:211:in `resolve_connection'
  activerecord (4.2.5) lib/active_record/connection_adapters/connection_specification.rb:139:in `resolve'
  activerecord (4.2.5) lib/active_record/connection_adapters/connection_specification.rb:169:in `spec'
  activerecord (4.2.5) lib/active_record/connection_handling.rb:50:in `establish_connection'
  activerecord (4.2.5) lib/active_record/railtie.rb:120:in `block (2 levels) in <class:Railtie>'
  activesupport (4.2.5) lib/active_support/lazy_load_hooks.rb:38:in `instance_eval'
  activesupport (4.2.5) lib/active_support/lazy_load_hooks.rb:38:in `execute_hook'
  activesupport (4.2.5) lib/active_support/lazy_load_hooks.rb:45:in `block in run_load_hooks'
  activesupport (4.2.5) lib/active_support/lazy_load_hooks.rb:44:in `each'
  activesupport (4.2.5) lib/active_support/lazy_load_hooks.rb:44:in `run_load_hooks'
  activerecord (4.2.5) lib/active_record/base.rb:315:in `<module:ActiveRecord>'
  activerecord (4.2.5) lib/active_record/base.rb:26:in `<top (required)>'
  activerecord (4.2.5) lib/active_record/migration.rb:383:in `connection'
  activerecord (4.2.5) lib/active_record/migration.rb:370:in `call'
  actionpack (4.2.5) lib/action_dispatch/middleware/callbacks.rb:29:in `block in call'
  activesupport (4.2.5) lib/active_support/callbacks.rb:88:in `__run_callbacks__'
  activesupport (4.2.5) lib/active_support/callbacks.rb:778:in `_run_call_callbacks'
  activesupport (4.2.5) lib/active_support/callbacks.rb:81:in `run_callbacks'
  actionpack (4.2.5) lib/action_dispatch/middleware/callbacks.rb:27:in `call'
  actionpack (4.2.5) lib/action_dispatch/middleware/reloader.rb:73:in `call'
  actionpack (4.2.5) lib/action_dispatch/middleware/remote_ip.rb:78:in `call'
  actionpack (4.2.5) lib/action_dispatch/middleware/debug_exceptions.rb:17:in `call'
  actionpack (4.2.5) lib/action_dispatch/middleware/show_exceptions.rb:30:in `call'
  railties (4.2.5) lib/rails/rack/logger.rb:38:in `call_app'
  railties (4.2.5) lib/rails/rack/logger.rb:20:in `block in call'
  activesupport (4.2.5) lib/active_support/tagged_logging.rb:68:in `block in tagged'
  activesupport (4.2.5) lib/active_support/tagged_logging.rb:26:in `tagged'
  activesupport (4.2.5) lib/active_support/tagged_logging.rb:68:in `tagged'
  railties (4.2.5) lib/rails/rack/logger.rb:20:in `call'
  actionpack (4.2.5) lib/action_dispatch/middleware/request_id.rb:21:in `call'
  rack (1.6.4) lib/rack/methodoverride.rb:22:in `call'
  rack (1.6.4) lib/rack/runtime.rb:18:in `call'
  activesupport (4.2.5) lib/active_support/cache/strategy/local_cache_middleware.rb:28:in `call'
  rack (1.6.4) lib/rack/lock.rb:17:in `call'
  actionpack (4.2.5) lib/action_dispatch/middleware/static.rb:116:in `call'
  rack (1.6.4) lib/rack/sendfile.rb:113:in `call'
  railties (4.2.5) lib/rails/engine.rb:518:in `call'
  railties (4.2.5) lib/rails/application.rb:165:in `call'
  rack (1.6.4) lib/rack/lock.rb:17:in `call'
  rack (1.6.4) lib/rack/content_length.rb:15:in `call'
  rack (1.6.4) lib/rack/handler/webrick.rb:88:in `service'
  /home/vagrant/.rbenv/versions/2.2.3/lib/ruby/2.2.0/webrick/httpserver.rb:138:in `service'
  /home/vagrant/.rbenv/versions/2.2.3/lib/ruby/2.2.0/webrick/httpserver.rb:94:in `run'
  /home/vagrant/.rbenv/versions/2.2.3/lib/ruby/2.2.0/webrick/server.rb:294:in `block in start_thread'


  Rendered /home/vagrant/.rbenv/versions/2.2.3/lib/ruby/gems/2.2.0/gems/actionpack-4.2.5/lib/action_dispatch/middleware/templates/rescues/_source.erb (8.3ms)
  Rendered /home/vagrant/.rbenv/versions/2.2.3/lib/ruby/gems/2.2.0/gems/actionpack-4.2.5/lib/action_dispatch/middleware/templates/rescues/_trace.html.erb (5.1ms)
  Rendered /home/vagrant/.rbenv/versions/2.2.3/lib/ruby/gems/2.2.0/gems/actionpack-4.2.5/lib/action_dispatch/middleware/templates/rescues/_request_and_response.html.erb (1.9ms)
  Rendered /home/vagrant/.rbenv/versions/2.2.3/lib/ruby/gems/2.2.0/gems/actionpack-4.2.5/lib/action_dispatch/middleware/templates/rescues/diagnostics.html.erb within rescues/layout (56.4ms)


Started GET "/" for 10.0.2.2 at 2016-08-04 21:55:26 +0900

ActiveRecord::AdapterNotSpecified ('development' database is not configured. Available: []):
  activerecord (4.2.5) lib/active_record/connection_adapters/connection_specification.rb:248:in `resolve_symbol_connection'
  activerecord (4.2.5) lib/active_record/connection_adapters/connection_specification.rb:211:in `resolve_connection'
  activerecord (4.2.5) lib/active_record/connection_adapters/connection_specification.rb:139:in `resolve'
  activerecord (4.2.5) lib/active_record/connection_adapters/connection_specification.rb:169:in `spec'
  activerecord (4.2.5) lib/active_record/connection_handling.rb:50:in `establish_connection'
  activerecord (4.2.5) lib/active_record/railtie.rb:120:in `block (2 levels) in <class:Railtie>'
  activesupport (4.2.5) lib/active_support/lazy_load_hooks.rb:38:in `instance_eval'
  activesupport (4.2.5) lib/active_support/lazy_load_hooks.rb:38:in `execute_hook'
  activesupport (4.2.5) lib/active_support/lazy_load_hooks.rb:45:in `block in run_load_hooks'
  activesupport (4.2.5) lib/active_support/lazy_load_hooks.rb:44:in `each'
  activesupport (4.2.5) lib/active_support/lazy_load_hooks.rb:44:in `run_load_hooks'
  activerecord (4.2.5) lib/active_record/base.rb:315:in `<module:ActiveRecord>'
  activerecord (4.2.5) lib/active_record/base.rb:26:in `<top (required)>'
  activerecord (4.2.5) lib/active_record/migration.rb:383:in `connection'
  activerecord (4.2.5) lib/active_record/migration.rb:370:in `call'
  actionpack (4.2.5) lib/action_dispatch/middleware/callbacks.rb:29:in `block in call'
  activesupport (4.2.5) lib/active_support/callbacks.rb:88:in `__run_callbacks__'
  activesupport (4.2.5) lib/active_support/callbacks.rb:778:in `_run_call_callbacks'
  activesupport (4.2.5) lib/active_support/callbacks.rb:81:in `run_callbacks'
  actionpack (4.2.5) lib/action_dispatch/middleware/callbacks.rb:27:in `call'
  actionpack (4.2.5) lib/action_dispatch/middleware/reloader.rb:73:in `call'
  actionpack (4.2.5) lib/action_dispatch/middleware/remote_ip.rb:78:in `call'
  actionpack (4.2.5) lib/action_dispatch/middleware/debug_exceptions.rb:17:in `call'
  actionpack (4.2.5) lib/action_dispatch/middleware/show_exceptions.rb:30:in `call'
  railties (4.2.5) lib/rails/rack/logger.rb:38:in `call_app'
  railties (4.2.5) lib/rails/rack/logger.rb:20:in `block in call'
  activesupport (4.2.5) lib/active_support/tagged_logging.rb:68:in `block in tagged'
  activesupport (4.2.5) lib/active_support/tagged_logging.rb:26:in `tagged'
  activesupport (4.2.5) lib/active_support/tagged_logging.rb:68:in `tagged'
  railties (4.2.5) lib/rails/rack/logger.rb:20:in `call'
  actionpack (4.2.5) lib/action_dispatch/middleware/request_id.rb:21:in `call'
  rack (1.6.4) lib/rack/methodoverride.rb:22:in `call'
  rack (1.6.4) lib/rack/runtime.rb:18:in `call'
  activesupport (4.2.5) lib/active_support/cache/strategy/local_cache_middleware.rb:28:in `call'
  rack (1.6.4) lib/rack/lock.rb:17:in `call'
  actionpack (4.2.5) lib/action_dispatch/middleware/static.rb:116:in `call'
  rack (1.6.4) lib/rack/sendfile.rb:113:in `call'
  railties (4.2.5) lib/rails/engine.rb:518:in `call'
  railties (4.2.5) lib/rails/application.rb:165:in `call'
  rack (1.6.4) lib/rack/lock.rb:17:in `call'
  rack (1.6.4) lib/rack/content_length.rb:15:in `call'
  rack (1.6.4) lib/rack/handler/webrick.rb:88:in `service'
  /home/vagrant/.rbenv/versions/2.2.3/lib/ruby/2.2.0/webrick/httpserver.rb:138:in `service'
  /home/vagrant/.rbenv/versions/2.2.3/lib/ruby/2.2.0/webrick/httpserver.rb:94:in `run'
  /home/vagrant/.rbenv/versions/2.2.3/lib/ruby/2.2.0/webrick/server.rb:294:in `block in start_thread'


  Rendered /home/vagrant/.rbenv/versions/2.2.3/lib/ruby/gems/2.2.0/gems/actionpack-4.2.5/lib/action_dispatch/middleware/templates/rescues/_source.erb (8.5ms)
  Rendered /home/vagrant/.rbenv/versions/2.2.3/lib/ruby/gems/2.2.0/gems/actionpack-4.2.5/lib/action_dispatch/middleware/templates/rescues/_trace.html.erb (4.6ms)
  Rendered /home/vagrant/.rbenv/versions/2.2.3/lib/ruby/gems/2.2.0/gems/actionpack-4.2.5/lib/action_dispatch/middleware/templates/rescues/_request_and_response.html.erb (2.6ms)
  Rendered /home/vagrant/.rbenv/versions/2.2.3/lib/ruby/gems/2.2.0/gems/actionpack-4.2.5/lib/action_dispatch/middleware/templates/rescues/diagnostics.html.erb within rescues/layout (77.6ms)


Started GET "/" for 10.0.2.2 at 2016-08-04 21:56:32 +0900

ActiveRecord::AdapterNotSpecified ('development' database is not configured. Available: []):
  activerecord (4.2.5) lib/active_record/connection_adapters/connection_specification.rb:248:in `resolve_symbol_connection'
  activerecord (4.2.5) lib/active_record/connection_adapters/connection_specification.rb:211:in `resolve_connection'
  activerecord (4.2.5) lib/active_record/connection_adapters/connection_specification.rb:139:in `resolve'
  activerecord (4.2.5) lib/active_record/connection_adapters/connection_specification.rb:169:in `spec'
  activerecord (4.2.5) lib/active_record/connection_handling.rb:50:in `establish_connection'
  activerecord (4.2.5) lib/active_record/railtie.rb:120:in `block (2 levels) in <class:Railtie>'
  activesupport (4.2.5) lib/active_support/lazy_load_hooks.rb:38:in `instance_eval'
  activesupport (4.2.5) lib/active_support/lazy_load_hooks.rb:38:in `execute_hook'
  activesupport (4.2.5) lib/active_support/lazy_load_hooks.rb:45:in `block in run_load_hooks'
  activesupport (4.2.5) lib/active_support/lazy_load_hooks.rb:44:in `each'
  activesupport (4.2.5) lib/active_support/lazy_load_hooks.rb:44:in `run_load_hooks'
  activerecord (4.2.5) lib/active_record/base.rb:315:in `<module:ActiveRecord>'
  activerecord (4.2.5) lib/active_record/base.rb:26:in `<top (required)>'
  activerecord (4.2.5) lib/active_record/migration.rb:383:in `connection'
  activerecord (4.2.5) lib/active_record/migration.rb:370:in `call'
  actionpack (4.2.5) lib/action_dispatch/middleware/callbacks.rb:29:in `block in call'
  activesupport (4.2.5) lib/active_support/callbacks.rb:88:in `__run_callbacks__'
  activesupport (4.2.5) lib/active_support/callbacks.rb:778:in `_run_call_callbacks'
  activesupport (4.2.5) lib/active_support/callbacks.rb:81:in `run_callbacks'
  actionpack (4.2.5) lib/action_dispatch/middleware/callbacks.rb:27:in `call'
  actionpack (4.2.5) lib/action_dispatch/middleware/reloader.rb:73:in `call'
  actionpack (4.2.5) lib/action_dispatch/middleware/remote_ip.rb:78:in `call'
  actionpack (4.2.5) lib/action_dispatch/middleware/debug_exceptions.rb:17:in `call'
  actionpack (4.2.5) lib/action_dispatch/middleware/show_exceptions.rb:30:in `call'
  railties (4.2.5) lib/rails/rack/logger.rb:38:in `call_app'
  railties (4.2.5) lib/rails/rack/logger.rb:20:in `block in call'
  activesupport (4.2.5) lib/active_support/tagged_logging.rb:68:in `block in tagged'
  activesupport (4.2.5) lib/active_support/tagged_logging.rb:26:in `tagged'
  activesupport (4.2.5) lib/active_support/tagged_logging.rb:68:in `tagged'
  railties (4.2.5) lib/rails/rack/logger.rb:20:in `call'
  actionpack (4.2.5) lib/action_dispatch/middleware/request_id.rb:21:in `call'
  rack (1.6.4) lib/rack/methodoverride.rb:22:in `call'
  rack (1.6.4) lib/rack/runtime.rb:18:in `call'
  activesupport (4.2.5) lib/active_support/cache/strategy/local_cache_middleware.rb:28:in `call'
  rack (1.6.4) lib/rack/lock.rb:17:in `call'
  actionpack (4.2.5) lib/action_dispatch/middleware/static.rb:116:in `call'
  rack (1.6.4) lib/rack/sendfile.rb:113:in `call'
  railties (4.2.5) lib/rails/engine.rb:518:in `call'
  railties (4.2.5) lib/rails/application.rb:165:in `call'
  rack (1.6.4) lib/rack/lock.rb:17:in `call'
  rack (1.6.4) lib/rack/content_length.rb:15:in `call'
  rack (1.6.4) lib/rack/handler/webrick.rb:88:in `service'
  /home/vagrant/.rbenv/versions/2.2.3/lib/ruby/2.2.0/webrick/httpserver.rb:138:in `service'
  /home/vagrant/.rbenv/versions/2.2.3/lib/ruby/2.2.0/webrick/httpserver.rb:94:in `run'
  /home/vagrant/.rbenv/versions/2.2.3/lib/ruby/2.2.0/webrick/server.rb:294:in `block in start_thread'


  Rendered /home/vagrant/.rbenv/versions/2.2.3/lib/ruby/gems/2.2.0/gems/actionpack-4.2.5/lib/action_dispatch/middleware/templates/rescues/_source.erb (12.4ms)
  Rendered /home/vagrant/.rbenv/versions/2.2.3/lib/ruby/gems/2.2.0/gems/actionpack-4.2.5/lib/action_dispatch/middleware/templates/rescues/_trace.html.erb (7.3ms)
  Rendered /home/vagrant/.rbenv/versions/2.2.3/lib/ruby/gems/2.2.0/gems/actionpack-4.2.5/lib/action_dispatch/middleware/templates/rescues/_request_and_response.html.erb (3.4ms)
  Rendered /home/vagrant/.rbenv/versions/2.2.3/lib/ruby/gems/2.2.0/gems/actionpack-4.2.5/lib/action_dispatch/middleware/templates/rescues/diagnostics.html.erb within rescues/layout (84.5ms)


Started GET "/" for 10.0.2.2 at 2016-08-04 21:58:56 +0900

RuntimeError (YAML syntax error occurred while parsing /vagrant/projects/mooovi/config/database.yml. Please note that YAML must be consistently indented using spaces. Tabs are not allowed. Error: (<unknown>): could not find expected ':' while scanning a simple key at line 8 column 1):
  railties (4.2.5) lib/rails/application/configuration.rb:115:in `rescue in database_configuration'
  railties (4.2.5) lib/rails/application/configuration.rb:98:in `database_configuration'
  activerecord (4.2.5) lib/active_record/railtie.rb:117:in `block (2 levels) in <class:Railtie>'
  activesupport (4.2.5) lib/active_support/lazy_load_hooks.rb:38:in `instance_eval'
  activesupport (4.2.5) lib/active_support/lazy_load_hooks.rb:38:in `execute_hook'
  activesupport (4.2.5) lib/active_support/lazy_load_hooks.rb:45:in `block in run_load_hooks'
  activesupport (4.2.5) lib/active_support/lazy_load_hooks.rb:44:in `each'
  activesupport (4.2.5) lib/active_support/lazy_load_hooks.rb:44:in `run_load_hooks'
  activerecord (4.2.5) lib/active_record/base.rb:315:in `<module:ActiveRecord>'
  activerecord (4.2.5) lib/active_record/base.rb:26:in `<top (required)>'
  activerecord (4.2.5) lib/active_record/migration.rb:383:in `connection'
  activerecord (4.2.5) lib/active_record/migration.rb:370:in `call'
  actionpack (4.2.5) lib/action_dispatch/middleware/callbacks.rb:29:in `block in call'
  activesupport (4.2.5) lib/active_support/callbacks.rb:88:in `__run_callbacks__'
  activesupport (4.2.5) lib/active_support/callbacks.rb:778:in `_run_call_callbacks'
  activesupport (4.2.5) lib/active_support/callbacks.rb:81:in `run_callbacks'
  actionpack (4.2.5) lib/action_dispatch/middleware/callbacks.rb:27:in `call'
  actionpack (4.2.5) lib/action_dispatch/middleware/reloader.rb:73:in `call'
  actionpack (4.2.5) lib/action_dispatch/middleware/remote_ip.rb:78:in `call'
  actionpack (4.2.5) lib/action_dispatch/middleware/debug_exceptions.rb:17:in `call'
  actionpack (4.2.5) lib/action_dispatch/middleware/show_exceptions.rb:30:in `call'
  railties (4.2.5) lib/rails/rack/logger.rb:38:in `call_app'
  railties (4.2.5) lib/rails/rack/logger.rb:20:in `block in call'
  activesupport (4.2.5) lib/active_support/tagged_logging.rb:68:in `block in tagged'
  activesupport (4.2.5) lib/active_support/tagged_logging.rb:26:in `tagged'
  activesupport (4.2.5) lib/active_support/tagged_logging.rb:68:in `tagged'
  railties (4.2.5) lib/rails/rack/logger.rb:20:in `call'
  actionpack (4.2.5) lib/action_dispatch/middleware/request_id.rb:21:in `call'
  rack (1.6.4) lib/rack/methodoverride.rb:22:in `call'
  rack (1.6.4) lib/rack/runtime.rb:18:in `call'
  activesupport (4.2.5) lib/active_support/cache/strategy/local_cache_middleware.rb:28:in `call'
  rack (1.6.4) lib/rack/lock.rb:17:in `call'
  actionpack (4.2.5) lib/action_dispatch/middleware/static.rb:116:in `call'
  rack (1.6.4) lib/rack/sendfile.rb:113:in `call'
  railties (4.2.5) lib/rails/engine.rb:518:in `call'
  railties (4.2.5) lib/rails/application.rb:165:in `call'
  rack (1.6.4) lib/rack/lock.rb:17:in `call'
  rack (1.6.4) lib/rack/content_length.rb:15:in `call'
  rack (1.6.4) lib/rack/handler/webrick.rb:88:in `service'
  /home/vagrant/.rbenv/versions/2.2.3/lib/ruby/2.2.0/webrick/httpserver.rb:138:in `service'
  /home/vagrant/.rbenv/versions/2.2.3/lib/ruby/2.2.0/webrick/httpserver.rb:94:in `run'
  /home/vagrant/.rbenv/versions/2.2.3/lib/ruby/2.2.0/webrick/server.rb:294:in `block in start_thread'


  Rendered /home/vagrant/.rbenv/versions/2.2.3/lib/ruby/gems/2.2.0/gems/actionpack-4.2.5/lib/action_dispatch/middleware/templates/rescues/_source.erb (7.8ms)
  Rendered /home/vagrant/.rbenv/versions/2.2.3/lib/ruby/gems/2.2.0/gems/actionpack-4.2.5/lib/action_dispatch/middleware/templates/rescues/_trace.html.erb (4.8ms)
  Rendered /home/vagrant/.rbenv/versions/2.2.3/lib/ruby/gems/2.2.0/gems/actionpack-4.2.5/lib/action_dispatch/middleware/templates/rescues/_request_and_response.html.erb (2.1ms)
  Rendered /home/vagrant/.rbenv/versions/2.2.3/lib/ruby/gems/2.2.0/gems/actionpack-4.2.5/lib/action_dispatch/middleware/templates/rescues/diagnostics.html.erb within rescues/layout (56.4ms)


Started GET "/" for 10.0.2.2 at 2016-08-04 21:59:24 +0900

RuntimeError (YAML syntax error occurred while parsing /vagrant/projects/mooovi/config/database.yml. Please note that YAML must be consistently indented using spaces. Tabs are not allowed. Error: (<unknown>): could not find expected ':' while scanning a simple key at line 8 column 1):
  railties (4.2.5) lib/rails/application/configuration.rb:115:in `rescue in database_configuration'
  railties (4.2.5) lib/rails/application/configuration.rb:98:in `database_configuration'
  activerecord (4.2.5) lib/active_record/railtie.rb:117:in `block (2 levels) in <class:Railtie>'
  activesupport (4.2.5) lib/active_support/lazy_load_hooks.rb:38:in `instance_eval'
  activesupport (4.2.5) lib/active_support/lazy_load_hooks.rb:38:in `execute_hook'
  activesupport (4.2.5) lib/active_support/lazy_load_hooks.rb:45:in `block in run_load_hooks'
  activesupport (4.2.5) lib/active_support/lazy_load_hooks.rb:44:in `each'
  activesupport (4.2.5) lib/active_support/lazy_load_hooks.rb:44:in `run_load_hooks'
  activerecord (4.2.5) lib/active_record/base.rb:315:in `<module:ActiveRecord>'
  activerecord (4.2.5) lib/active_record/base.rb:26:in `<top (required)>'
  activerecord (4.2.5) lib/active_record/migration.rb:383:in `connection'
  activerecord (4.2.5) lib/active_record/migration.rb:370:in `call'
  actionpack (4.2.5) lib/action_dispatch/middleware/callbacks.rb:29:in `block in call'
  activesupport (4.2.5) lib/active_support/callbacks.rb:88:in `__run_callbacks__'
  activesupport (4.2.5) lib/active_support/callbacks.rb:778:in `_run_call_callbacks'
  activesupport (4.2.5) lib/active_support/callbacks.rb:81:in `run_callbacks'
  actionpack (4.2.5) lib/action_dispatch/middleware/callbacks.rb:27:in `call'
  actionpack (4.2.5) lib/action_dispatch/middleware/reloader.rb:73:in `call'
  actionpack (4.2.5) lib/action_dispatch/middleware/remote_ip.rb:78:in `call'
  actionpack (4.2.5) lib/action_dispatch/middleware/debug_exceptions.rb:17:in `call'
  actionpack (4.2.5) lib/action_dispatch/middleware/show_exceptions.rb:30:in `call'
  railties (4.2.5) lib/rails/rack/logger.rb:38:in `call_app'
  railties (4.2.5) lib/rails/rack/logger.rb:20:in `block in call'
  activesupport (4.2.5) lib/active_support/tagged_logging.rb:68:in `block in tagged'
  activesupport (4.2.5) lib/active_support/tagged_logging.rb:26:in `tagged'
  activesupport (4.2.5) lib/active_support/tagged_logging.rb:68:in `tagged'
  railties (4.2.5) lib/rails/rack/logger.rb:20:in `call'
  actionpack (4.2.5) lib/action_dispatch/middleware/request_id.rb:21:in `call'
  rack (1.6.4) lib/rack/methodoverride.rb:22:in `call'
  rack (1.6.4) lib/rack/runtime.rb:18:in `call'
  activesupport (4.2.5) lib/active_support/cache/strategy/local_cache_middleware.rb:28:in `call'
  rack (1.6.4) lib/rack/lock.rb:17:in `call'
  actionpack (4.2.5) lib/action_dispatch/middleware/static.rb:116:in `call'
  rack (1.6.4) lib/rack/sendfile.rb:113:in `call'
  railties (4.2.5) lib/rails/engine.rb:518:in `call'
  railties (4.2.5) lib/rails/application.rb:165:in `call'
  rack (1.6.4) lib/rack/lock.rb:17:in `call'
  rack (1.6.4) lib/rack/content_length.rb:15:in `call'
  rack (1.6.4) lib/rack/handler/webrick.rb:88:in `service'
  /home/vagrant/.rbenv/versions/2.2.3/lib/ruby/2.2.0/webrick/httpserver.rb:138:in `service'
  /home/vagrant/.rbenv/versions/2.2.3/lib/ruby/2.2.0/webrick/httpserver.rb:94:in `run'
  /home/vagrant/.rbenv/versions/2.2.3/lib/ruby/2.2.0/webrick/server.rb:294:in `block in start_thread'


  Rendered /home/vagrant/.rbenv/versions/2.2.3/lib/ruby/gems/2.2.0/gems/actionpack-4.2.5/lib/action_dispatch/middleware/templates/rescues/_source.erb (7.7ms)
  Rendered /home/vagrant/.rbenv/versions/2.2.3/lib/ruby/gems/2.2.0/gems/actionpack-4.2.5/lib/action_dispatch/middleware/templates/rescues/_trace.html.erb (6.8ms)
  Rendered /home/vagrant/.rbenv/versions/2.2.3/lib/ruby/gems/2.2.0/gems/actionpack-4.2.5/lib/action_dispatch/middleware/templates/rescues/_request_and_response.html.erb (2.3ms)
  Rendered /home/vagrant/.rbenv/versions/2.2.3/lib/ruby/gems/2.2.0/gems/actionpack-4.2.5/lib/action_dispatch/middleware/templates/rescues/diagnostics.html.erb within rescues/layout (77.5ms)


Started GET "/" for 10.0.2.2 at 2016-08-04 22:01:03 +0900
Processing by ProductsController#index as HTML
  Rendered products/index.html.erb within layouts/review_site (18.9ms)
Completed 200 OK in 10823ms (Views: 10745.4ms | ActiveRecord: 0.0ms)


Started GET "/assets/application.css?body=1" for 10.0.2.2 at 2016-08-04 22:01:16 +0900


Started GET "/assets/ranking.css?body=1" for 10.0.2.2 at 2016-08-04 22:01:17 +0900


Started GET "/assets/review_site.css?body=1" for 10.0.2.2 at 2016-08-04 22:01:17 +0900


Started GET "/assets/jquery.js?body=1" for 10.0.2.2 at 2016-08-04 22:01:17 +0900


Started GET "/assets/jquery_ujs.js?body=1" for 10.0.2.2 at 2016-08-04 22:01:18 +0900


Started GET "/assets/reviews.css?body=1" for 10.0.2.2 at 2016-08-04 22:01:18 +0900


Started GET "/assets/turbolinks.js?body=1" for 10.0.2.2 at 2016-08-04 22:01:18 +0900


Started GET "/assets/ranking.js?body=1" for 10.0.2.2 at 2016-08-04 22:01:18 +0900


Started GET "/assets/reviews.js?body=1" for 10.0.2.2 at 2016-08-04 22:01:19 +0900


Started GET "/assets/application.js?body=1" for 10.0.2.2 at 2016-08-04 22:01:19 +0900


Started GET "/assets/bambi-1.0.0.ttf?20140712" for 10.0.2.2 at 2016-08-04 22:01:19 +0900
